"../../../../../../Workspace/Unreal/CoopGame/Content/Maps/GameMap.uasset" 0
"../../../../../../Workspace/Unreal/CoopGame/Content/Maps/P_TestMap_BuiltData.uasset" 1
"../../../../../../Workspace/Unreal/CoopGame/Content/Maps/GameMap_BuiltData.uasset" 2
"../../../../../../Workspace/Unreal/CoopGame/Content/Maps/JumpTest_P.uasset" 3
"../../../../../../Workspace/Unreal/CoopGame/Content/Maps/TestLevelOne_BuiltData.uasset" 4
"../../../../../../Workspace/Unreal/CoopGame/Content/Maps/JumpTest_P_BuiltData.uasset" 5
"../../../../../../Workspace/Unreal/CoopGame/Content/AnimStarterPack/UE4_Mannequin/Mesh/UE4_Mannequin_Skeleton.uasset" 6
"../../../../../../Workspace/Unreal/CoopGame/Content/AnimStarterPack/Aim_Space_Hip.uasset" 7
"../../../../../../Workspace/Unreal/CoopGame/Content/AnimStarterPack/Aim_Space_Ironsights.uasset" 8
"../../../../../../Workspace/Unreal/CoopGame/Content/AnimStarterPack/Crouch_to_Stand_Rifle_Hip.uasset" 9
"../../../../../../Workspace/Unreal/CoopGame/Content/AnimStarterPack/Crouch_to_Stand_Rifle_Ironsights.uasset" 10
"../../../../../../Workspace/Unreal/CoopGame/Content/AnimStarterPack/Crouch_Walk_Bwd_Rifle_Ironsights.uasset" 11
"../../../../../../Workspace/Unreal/CoopGame/Content/AnimStarterPack/Crouch_Walk_Lt_Rifle_Ironsights.uasset" 12
"../../../../../../Workspace/Unreal/CoopGame/Content/AnimStarterPack/Crouch_Walk_Rt_Rifle_Ironsights.uasset" 13
"../../../../../../Workspace/Unreal/CoopGame/Content/AnimStarterPack/Death_2.uasset" 14
"../../../../../../Workspace/Unreal/CoopGame/Content/AnimStarterPack/Death_3.uasset" 15
"../../../../../../Workspace/Unreal/CoopGame/Content/AnimStarterPack/Death_Ironsights_1.uasset" 16
"../../../../../../Workspace/Unreal/CoopGame/Content/AnimStarterPack/Death_Ironsights_2.uasset" 17
"../../../../../../Workspace/Unreal/CoopGame/Content/AnimStarterPack/Equip_Rifle_Standing.uasset" 18
"../../../../../../Workspace/Unreal/CoopGame/Content/AnimStarterPack/Fire_Rifle_Hip.uasset" 19
"../../../../../../Workspace/Unreal/CoopGame/Content/AnimStarterPack/Fire_Shotgun_Hip.uasset" 20
"../../../../../../Workspace/Unreal/CoopGame/Content/AnimStarterPack/Fire_Shotgun_Ironsights.uasset" 21
"../../../../../../Workspace/Unreal/CoopGame/Content/AnimStarterPack/Hit_React_4.uasset" 22
"../../../../../../Workspace/Unreal/CoopGame/Content/AnimStarterPack/Idle_Pistol.uasset" 23
"../../../../../../Workspace/Unreal/CoopGame/Content/AnimStarterPack/Idle_Rifle_Ironsights.uasset" 24
"../../../../../../Workspace/Unreal/CoopGame/Content/AnimStarterPack/Jump_From_Stand_Ironsights.uasset" 25
"../../../../../../Workspace/Unreal/CoopGame/Content/AnimStarterPack/Prone_Death_1.uasset" 26
"../../../../../../Workspace/Unreal/CoopGame/Content/AnimStarterPack/Prone_Death_2.uasset" 27
"../../../../../../Workspace/Unreal/CoopGame/Content/AnimStarterPack/Prone_Fire_1.uasset" 28
"../../../../../../Workspace/Unreal/CoopGame/Content/AnimStarterPack/Prone_Fire_2.uasset" 29
"../../../../../../Workspace/Unreal/CoopGame/Content/AnimStarterPack/Prone_Idle.uasset" 30
"../../../../../../Workspace/Unreal/CoopGame/Content/AnimStarterPack/Prone_Reload_Rifle.uasset" 31
"../../../../../../Workspace/Unreal/CoopGame/Content/AnimStarterPack/Prone_Reload_Shotgun.uasset" 32
"../../../../../../Workspace/Unreal/CoopGame/Content/AnimStarterPack/Prone_To_Stand.uasset" 33
"../../../../../../Workspace/Unreal/CoopGame/Content/AnimStarterPack/Reload_Pistol.uasset" 34
"../../../../../../Workspace/Unreal/CoopGame/Content/AnimStarterPack/Reload_Rifle_Ironsights.uasset" 35
"../../../../../../Workspace/Unreal/CoopGame/Content/AnimStarterPack/Reload_Shotgun_Hip.uasset" 36
"../../../../../../Workspace/Unreal/CoopGame/Content/AnimStarterPack/Reload_Shotgun_Ironsights.uasset" 37
"../../../../../../Workspace/Unreal/CoopGame/Content/AnimStarterPack/Sprint_Fwd_Rifle.uasset" 38
"../../../../../../Workspace/Unreal/CoopGame/Content/AnimStarterPack/Stand_to_Crouch_Rifle_Hip.uasset" 39
"../../../../../../Workspace/Unreal/CoopGame/Content/AnimStarterPack/Stand_to_Crouch_Rifle_Ironsights.uasset" 40
"../../../../../../Workspace/Unreal/CoopGame/Content/AnimStarterPack/Stand_To_Prone.uasset" 41
"../../../../../../Workspace/Unreal/CoopGame/Content/AnimStarterPack/Walk_Bwd_Rifle_Ironsights.uasset" 42
"../../../../../../Workspace/Unreal/CoopGame/Content/AnimStarterPack/Walk_Lt_Rifle_Ironsights.uasset" 43
"../../../../../../Workspace/Unreal/CoopGame/Content/AnimStarterPack/Walk_Rt_Rifle_Ironsights.uasset" 44
"../../../../../../Workspace/Unreal/CoopGame/Content/Audio/interface.uasset" 45
"../../../../../../Workspace/Unreal/CoopGame/Content/Audio/pistol.uasset" 46
"../../../../../../Workspace/Unreal/CoopGame/Content/Blueprints/BP_CamShake_RifleFire.uasset" 47
"../../../Engine/Content/BasicShapes/BasicShapeMaterial.uasset" 48
"../../../Engine/Content/Functions/Engine_MaterialFunctions01/Opacity/CameraDepthFade.uasset" 49
"../../../Engine/Content/EngineMaterials/T_Default_Material_Grid_M.uasset" 50
"../../../Engine/Content/EngineMaterials/T_Default_Material_Grid_N.uasset" 51
"../../../Engine/Content/EngineMaterials/DefaultMaterial.uasset" 52
"../../../Engine/Content/BasicShapes/Sphere.uasset" 53
"../../../../../../Workspace/Unreal/CoopGame/Content/WeaponEffects/Explosion/T_Burst_M.uasset" 54
"../../../../../../Workspace/Unreal/CoopGame/Content/WeaponEffects/Explosion/M_Burst.uasset" 55
"../../../../../../Workspace/Unreal/CoopGame/Content/WeaponEffects/Explosion/T_Explosion_SubUV.uasset" 56
"../../../../../../Workspace/Unreal/CoopGame/Content/WeaponEffects/Explosion/M_explosion_subUV.uasset" 57
"../../../../../../Workspace/Unreal/CoopGame/Content/WeaponEffects/Explosion/m_flare_01.uasset" 58
"../../../Engine/Content/Functions/Engine_MaterialFunctions01/Gradient/RadialGradient.uasset" 59
"../../../../../../Workspace/Unreal/CoopGame/Content/WeaponEffects/Explosion/M_radial_ramp.uasset" 60
"../../../../../../Workspace/Unreal/CoopGame/Content/WeaponEffects/Explosion/T_Smoke_SubUV.uasset" 61
"../../../../../../Workspace/Unreal/CoopGame/Content/WeaponEffects/Explosion/T_Smoke_Tiled_D.uasset" 62
"../../../../../../Workspace/Unreal/CoopGame/Content/WeaponEffects/Explosion/M_smoke_subUV.uasset" 63
"../../../../../../Workspace/Unreal/CoopGame/Content/WeaponEffects/Explosion/P_Explosion.uasset" 64
"../../../../../../Workspace/Unreal/CoopGame/Content/Blueprints/BP_GrenadeProjectile.uasset" 65
"../../../../../../Workspace/Unreal/CoopGame/Content/Audio/rocket.uasset" 66
"../../../../../../Workspace/Unreal/CoopGame/Content/WeaponEffects/Muzzle/MuzzleSmokeOne_1024_11x11.uasset" 67
"../../../../../../Workspace/Unreal/CoopGame/Content/WeaponEffects/Muzzle/MuzzleFlash_Master.uasset" 68
"../../../../../../Workspace/Unreal/CoopGame/Content/WeaponEffects/Muzzle/MuzzleFlash_Master_Inst.uasset" 69
"../../../../../../Workspace/Unreal/CoopGame/Content/WeaponEffects/Muzzle/MuzzleTwo_2048_6x6.uasset" 70
"../../../../../../Workspace/Unreal/CoopGame/Content/WeaponEffects/Muzzle/MuzzleFlash_Master_Inst_2.uasset" 71
"../../../../../../Workspace/Unreal/CoopGame/Content/WeaponEffects/Muzzle/P_Muzzle_Large.uasset" 72
"../../../../../../Workspace/Unreal/CoopGame/Content/Weapons/MagGun_01_N.uasset" 73
"../../../../../../Workspace/Unreal/CoopGame/Content/Weapons/M_Weapon01.uasset" 74
"../../../../../../Workspace/Unreal/CoopGame/Content/Weapons/Launcher_01_N.uasset" 75
"../../../../../../Workspace/Unreal/CoopGame/Content/Weapons/MI_Launcher01.uasset" 76
"../../../../../../Workspace/Unreal/CoopGame/Content/Weapons/Launcher_02_N.uasset" 77
"../../../../../../Workspace/Unreal/CoopGame/Content/Weapons/MI_Launcher02.uasset" 78
"../../../../../../Workspace/Unreal/CoopGame/Content/Weapons/Launcher_Skeleton.uasset" 79
"../../../../../../Workspace/Unreal/CoopGame/Content/Weapons/Launcher.uasset" 80
"../../../../../../Workspace/Unreal/CoopGame/Content/Blueprints/BP_GrenadeLauncher.uasset" 81
"../../../../../../Workspace/Unreal/CoopGame/Content/TrackerBot/ball_roll_03_loop.uasset" 82
"../../../../../../Workspace/Unreal/CoopGame/Content/TrackerBot/TrackerBotAttenuation.uasset" 83
"../../../../../../Workspace/Unreal/CoopGame/Content/TrackerBot/ball_roll_03_loop_Cue.uasset" 84
"../../../../../../Workspace/Unreal/CoopGame/Content/TrackerBot/DroneTracker_explodewarning.uasset" 85
"../../../../../../Workspace/Unreal/CoopGame/Content/TrackerBot/DroneTracker_explodewarning_Cue.uasset" 86
"../../../../../../Workspace/Unreal/CoopGame/Content/TrackerBot/Explosion01.uasset" 87
"../../../../../../Workspace/Unreal/CoopGame/Content/TrackerBot/Explosion01_Cue.uasset" 88
"../../../Engine/Content/Functions/Engine_MaterialFunctions02/Utility/Sine_Remapped.uasset" 89
"../../../../../../Workspace/Unreal/CoopGame/Content/TrackerBot/M_TrackerBot.uasset" 90
"../../../../../../Workspace/Unreal/CoopGame/Content/TrackerBot/SM_TrackerBot.uasset" 91
"../../../../../../Workspace/Unreal/CoopGame/Content/TrackerBot/BP_TrackerBot.uasset" 92
"../../../../../../Workspace/Unreal/CoopGame/Content/Blueprints/BP_TrackerBot.uasset" 93
"../../../Engine/Content/EngineFonts/RobotoDistanceField.uasset" 94
"../../../Engine/Content/Functions/Engine_MaterialFunctions03/Procedurals/ComputeFilterWidth.uasset" 95
"../../../../../../Workspace/Unreal/CoopGame/Content/Environment/AntiAliasedTextMaterialTranslucent_Glow.uasset" 96
"../../../Engine/Content/EngineMaterials/T_Default_MacroVariation.uasset" 97
"../../../../../../Workspace/Unreal/CoopGame/Content/Environment/M_Cube.uasset" 98
"../../../../../../Workspace/Unreal/CoopGame/Content/Environment/Shape_Cube.uasset" 99
"../../../../../../Workspace/Unreal/CoopGame/Content/FirstAid/First_Aid_White.uasset" 100
"../../../../../../Workspace/Unreal/CoopGame/Content/FirstAid/First_Aid.uasset" 101
"../../../../../../Workspace/Unreal/CoopGame/Content/FirstAid/First_Aid_Black.uasset" 102
"../../../../../../Workspace/Unreal/CoopGame/Content/FirstAid/First_Aid_Red.uasset" 103
"../../../../../../Workspace/Unreal/CoopGame/Content/FirstAid/SM_FirstAid.uasset" 104
"../../../../../../Workspace/Unreal/CoopGame/Content/FirstAid/BP_FirstAid.uasset" 105
"../../../../../../Workspace/Unreal/CoopGame/Content/Meshes/M_Objective.uasset" 106
"../../../../../../Workspace/Unreal/CoopGame/Content/Meshes/M_TrackerBot.uasset" 107
"../../../../../../Workspace/Unreal/CoopGame/Content/Meshes/SM_TrackerBot.uasset" 108
"../../../Engine/Content/EditorBlueprintResources/StandardMacros.uasset" 109
"../../../../../../Workspace/Unreal/CoopGame/Content/Powerups/M_PowerupLightFunction.uasset" 110
"../../../Engine/Content/EngineMaterials/WorldGridMaterial.uasset" 111
"../../../Engine/Content/BasicShapes/Cube.uasset" 112
"../../../../../../Workspace/Unreal/CoopGame/Content/Powerups/BP_PowerupBase.uasset" 113
"../../../../../../Workspace/Unreal/CoopGame/Content/Powerups/M_Powerup.uasset" 114
"../../../../../../Workspace/Unreal/CoopGame/Content/Powerups/MI_PowerupSpeed.uasset" 115
"../../../../../../Workspace/Unreal/CoopGame/Content/Powerups/SpeedIcon.uasset" 116
"../../../../../../Workspace/Unreal/CoopGame/Content/Powerups/BP_Powerup_SuperSpeed.uasset" 117
"../../../../../../Workspace/Unreal/CoopGame/Content/Powerups/T_CircleMask3.uasset" 118
"../../../../../../Workspace/Unreal/CoopGame/Content/Powerups/M_PowerupDecal.uasset" 119
"../../../../../../Workspace/Unreal/CoopGame/Content/Powerups/BP_Pickup_SuperSpeed.uasset" 120
"../../../../../../Workspace/Unreal/CoopGame/Content/Powerups/BP_TestPickup.uasset" 121
"../../../../../../Workspace/Unreal/CoopGame/Content/Powerups/Material.uasset" 122
"../../../../../../Workspace/Unreal/CoopGame/Content/Powerups/Pickup_ammo.uasset" 123
"../../../../../../Workspace/Unreal/CoopGame/Content/Powerups/Pickup_powerup.uasset" 124
"../../../../../../Workspace/Unreal/CoopGame/Content/Powerups/Pickup_weapon.uasset" 125
"../../../../../../Workspace/Unreal/CoopGame/Content/Powerups/powerdown_01.uasset" 126
"../../../../../../Workspace/Unreal/CoopGame/Content/Powerups/powerdown_02.uasset" 127
"../../../../../../Workspace/Unreal/CoopGame/Content/Powerups/BP_Powerup_Health.uasset" 128
"../../../../../../Workspace/Unreal/CoopGame/Content/Powerups/Powerup_Health.uasset" 129
"../../../../../../Workspace/Unreal/CoopGame/Content/Powerups/MI_PowerupHealth.uasset" 130
"../../../../../../Workspace/Unreal/CoopGame/Content/Powerups/HealthIcon.uasset" 131
"../../../../../../Workspace/Unreal/CoopGame/Content/Powerups/BP_Powerup_HealthRegen.uasset" 132
"../../../../../../Workspace/Unreal/CoopGame/Content/Powerups/Powerup_HealthRegen.uasset" 133
"../../../../../../Workspace/Unreal/CoopGame/Content/Powerups/powerup_loop_01.uasset" 134
"../../../../../../Workspace/Unreal/CoopGame/Content/Powerups/powerup_loop_02.uasset" 135
"../../../../../../Workspace/Unreal/CoopGame/Content/Powerups/Powerup_SuperSpeed.uasset" 136
"../../../../../../Workspace/Unreal/CoopGame/Content/Powerups/respawn_01.uasset" 137
"../../../../../../Workspace/Unreal/CoopGame/Content/Powerups/T_CircleMask.uasset" 138
"../../../../../../Workspace/Unreal/CoopGame/Content/Powerups/T_CircleMask2.uasset" 139
"../../../../../../Workspace/Unreal/CoopGame/Content/Powerups/Effects/T_Flame_Tile.uasset" 140
"../../../../../../Workspace/Unreal/CoopGame/Content/Powerups/Effects/T_MeshFire_Mask.uasset" 141
"../../../../../../Workspace/Unreal/CoopGame/Content/Powerups/Effects/gold_ore_effect.uasset" 142
"../../../../../../Workspace/Unreal/CoopGame/Content/Powerups/Effects/sunflare.uasset" 143
"../../../../../../Workspace/Unreal/CoopGame/Content/Powerups/Effects/m_flare_03.uasset" 144
"../../../../../../Workspace/Unreal/CoopGame/Content/Powerups/Effects/clouds_dust_detail_01.uasset" 145
"../../../../../../Workspace/Unreal/CoopGame/Content/Powerups/Effects/M_wind_swirl_02.uasset" 146
"../../../../../../Workspace/Unreal/CoopGame/Content/Powerups/Effects/S_SandSwirl.uasset" 147
"../../../../../../Workspace/Unreal/CoopGame/Content/Powerups/Effects/P_gold_ore_appearance.uasset" 148
"../../../../../../Workspace/Unreal/CoopGame/Content/Powerups/Effects/T_Fire_tile.uasset" 149
"../../../../../../Workspace/Unreal/CoopGame/Content/Powerups/Effects/gold_ore_circle2.uasset" 150
"../../../../../../Workspace/Unreal/CoopGame/Content/Powerups/Effects/M_Volumetric_Streaks.uasset" 151
"../../../../../../Workspace/Unreal/CoopGame/Content/Powerups/Effects/M_single_ray_01.uasset" 152
"../../../../../../Workspace/Unreal/CoopGame/Content/Powerups/Effects/P_gold_ore_aura.uasset" 153
"../../../../../../Workspace/Unreal/CoopGame/Content/Powerups/Effects/P_gold_ore_lost.uasset" 154
"../../../../../../Workspace/Unreal/CoopGame/Content/Powerups/Effects/round_mask.uasset" 155
"../../../../../../Workspace/Unreal/CoopGame/Content/Powerups/Effects/T_Smoke2_Tile.uasset" 156
"../../../../../../Workspace/Unreal/CoopGame/Content/Powerups/Effects/Coin2.uasset" 157
"../../../../../../Workspace/Unreal/CoopGame/Content/Powerups/Effects/SM_plane_pivot_down.uasset" 158
"../../../../../../Workspace/Unreal/CoopGame/Content/Powerups/Effects/P_gold_ore_received.uasset" 159
"../../../../../../Workspace/Unreal/CoopGame/Content/TrackerBot/ball_roll_01g.uasset" 160
"../../../../../../Workspace/Unreal/CoopGame/Content/TrackerBot/ball_roll_02_loop.uasset" 161
"../../../../../../Workspace/Unreal/CoopGame/Content/TrackerBot/ball_roll_04_loop.uasset" 162
"../../../../../../Workspace/Unreal/CoopGame/Content/TrackerBot/DroneTracker_idle.uasset" 163
"../../../../../../Workspace/Unreal/CoopGame/Content/TrackerBot/DroneTracker_spotted.uasset" 164
"../../../../../../Workspace/Unreal/CoopGame/Content/WeaponEffects/ShellEject/M_ShellEjectMetal.uasset" 165
"../../../../../../Workspace/Unreal/CoopGame/Content/WeaponEffects/ShellEject/SM_ShellEject.uasset" 166
"../../../../../../Workspace/Unreal/CoopGame/Content/WeaponEffects/ShellEject/P_Rifle_ShellEject.uasset" 167
"../../../Engine/Content/Animation/DefaultAnimCurveCompressionSettings.uasset" 168
"../../../Engine/Content/ArtTools/RenderToTexture/Meshes/S_1_Unit_Plane.uasset" 169
"../../../Engine/Content/BasicShapes/Cone.uasset" 170
"../../../Engine/Content/BasicShapes/Cylinder.uasset" 171
"../../../Engine/Content/BasicShapes/Plane.uasset" 172
"../../../Engine/Content/EditorLandscapeResources/DataLayer.uasset" 173
"../../../Engine/Content/EditorMaterials/GizmoMaterial.uasset" 174
"../../../Engine/Content/EditorMaterials/MAT_Groups_Toggle.uasset" 175
"../../../Engine/Content/EditorMaterials/MAT_Groups_Visibility.uasset" 176
"../../../Engine/Content/EditorMaterials/PreviewShadowIndicator.uasset" 177
"../../../Engine/Content/EditorMaterials/PreviewShadowIndicatorMaterial.uasset" 178
"../../../Engine/Content/EditorMaterials/MatineeGroups/MAT_ColorTrack.uasset" 179
"../../../Engine/Content/EditorMaterials/MatineeGroups/MAT_Groups_Anim.uasset" 180
"../../../Engine/Content/EditorMaterials/MatineeGroups/MAT_Groups_AudioMaster.uasset" 181
"../../../Engine/Content/EditorMaterials/MatineeGroups/MAT_Groups_Director.uasset" 182
"../../../Engine/Content/EditorMaterials/MatineeGroups/MAT_Groups_Event.uasset" 183
"../../../Engine/Content/EditorMaterials/MatineeGroups/MAT_Groups_Fade.uasset" 184
"../../../Engine/Content/EditorMaterials/MatineeGroups/MAT_Groups_Float.uasset" 185
"../../../Engine/Content/EditorMaterials/MatineeGroups/MAT_Groups_Move.uasset" 186
"../../../Engine/Content/EditorMaterials/MatineeGroups/MAT_Groups_Slomo.uasset" 187
"../../../Engine/Content/EditorMaterials/MatineeGroups/MAT_Groups_Sound.uasset" 188
"../../../Engine/Content/EditorMaterials/MatineeGroups/MAT_Groups_Vector.uasset" 189
"../../../Engine/Content/EditorMaterials/ParticleSystems/PSysThumbnail_NoImage.uasset" 190
"../../../Engine/Content/EditorMaterials/ParticleSystems/PSysThumbnail_OOD.uasset" 191
"../../../Engine/Content/EditorMaterials/Camera/CineMat.uasset" 192
"../../../Engine/Content/EditorMaterials/Camera/MI_CineMat_Rig.uasset" 193
"../../../Engine/Content/EditorMeshes/Camera/SM_CraneRig_Arm.uasset" 194
"../../../Engine/Content/EditorMeshes/Camera/SM_CraneRig_Base.uasset" 195
"../../../Engine/Content/EditorMeshes/Camera/SM_CraneRig_Body.uasset" 196
"../../../Engine/Content/EditorMeshes/Camera/SM_CraneRig_Mount.uasset" 197
"../../../Engine/Content/EditorMeshes/Camera/SM_RailRig_Mount.uasset" 198
"../../../Engine/Content/EditorMeshes/Camera/SM_RailRig_Track.uasset" 199
"../../../Engine/Content/EditorResources/BSPVertex.uasset" 200
"../../../Engine/Content/EditorResources/EmptyActor.uasset" 201
"../../../Engine/Content/EditorResources/S_Actor.uasset" 202
"../../../Engine/Content/EditorResources/S_Note.uasset" 203
"../../../Engine/Content/EditorResources/S_Solver.uasset" 204
"../../../Engine/Content/EditorResources/S_Trigger.uasset" 205
"../../../Engine/Content/EditorResources/AudioIcons/S_AudioComponent_AutoActivate.uasset" 206
"../../../Engine/Content/EditorResources/LightIcons/S_LightError.uasset" 207
"../../../Engine/Content/EditorResources/SequenceRecorder/Countdown.uasset" 208
"../../../Engine/Content/EditorResources/SequenceRecorder/RecordingIndicator.uasset" 209
"../../../Engine/Content/EditorSounds/Notifications/CompileFailed.uasset" 210
"../../../Engine/Content/EditorSounds/Notifications/CompileFailed_Cue.uasset" 211
"../../../Engine/Content/EditorSounds/Notifications/CompileSuccess.uasset" 212
"../../../Engine/Content/EditorSounds/Notifications/CompileStart_Cue.uasset" 213
"../../../Engine/Content/EditorSounds/Notifications/CompileSuccess_Cue.uasset" 214
"../../../Engine/Content/EngineDamageTypes/DmgTypeBP_Environmental.uasset" 215
"../../../Engine/Content/EngineDebugMaterials/HeatmapGradient.uasset" 216
"../../../Engine/Content/EngineDebugMaterials/BoneWeightMaterial.uasset" 217
"../../../Engine/Content/EngineDebugMaterials/ClothMaterial.uasset" 218
"../../../Engine/Content/EngineDebugMaterials/ClothMaterial_WF.uasset" 219
"../../../Engine/Content/EngineDebugMaterials/DebugEditorMaterial.uasset" 220
"../../../Engine/Content/EngineDebugMaterials/DebugMeshMaterial.uasset" 221
"../../../Engine/Content/EngineDebugMaterials/GeomMaterial.uasset" 222
"../../../Engine/Content/EngineDebugMaterials/M_SimpleTranslucent.uasset" 223
"../../../Engine/Content/Functions/Engine_MaterialFunctions02/Utility/CameraDirectionVector.uasset" 224
"../../../Engine/Content/EngineDebugMaterials/VolumeToRender.uasset" 225
"../../../Engine/Content/EngineDebugMaterials/M_VolumeRenderSphereTracePP.uasset" 226
"../../../Engine/Content/EngineDebugMaterials/WireframeMaterial.uasset" 227
"../../../Engine/Content/EngineFonts/Faces/RobotoBold.uasset" 228
"../../../Engine/Content/EngineFonts/Faces/RobotoBoldItalic.uasset" 229
"../../../Engine/Content/EngineFonts/Faces/RobotoItalic.uasset" 230
"../../../Engine/Content/EngineFonts/Faces/RobotoLight.uasset" 231
"../../../Engine/Content/EngineFonts/Faces/RobotoRegular.uasset" 232
"../../../Engine/Content/EngineFonts/Roboto.uasset" 233
"../../../Engine/Content/EngineFonts/Faces/RobotoTiny.uasset" 234
"../../../Engine/Content/EngineFonts/RobotoTiny.uasset" 235
"../../../Engine/Content/EngineMaterials/BaseFlattenDiffuseMap.uasset" 236
"../../../Engine/Content/EngineMaterials/BaseFlattenEmissiveMap.uasset" 237
"../../../Engine/Content/EngineMaterials/BaseFlattenGrayscaleMap.uasset" 238
"../../../Engine/Content/EngineMaterials/BaseFlattenNormalMap.uasset" 239
"../../../Engine/Content/EngineMaterials/BaseFlattenMaterial.uasset" 240
"../../../Engine/Content/EngineMaterials/BlueNoise.uasset" 241
"../../../Engine/Content/EngineMaterials/DefaultBloomKernel.uasset" 242
"../../../Engine/Content/EngineMaterials/DefaultBokeh.uasset" 243
"../../../Engine/Content/EngineMaterials/DefaultDiffuse.uasset" 244
"../../../Engine/Content/EngineMaterials/DefaultDeferredDecalMaterial.uasset" 245
"../../../Engine/Content/EngineMaterials/DefaultLightFunctionMaterial.uasset" 246
"../../../Engine/Content/EngineMaterials/DefaultPhysicalMaterial.uasset" 247
"../../../Engine/Content/Functions/Engine_MaterialFunctions02/Utility/BreakOutFloat2Components.uasset" 248
"../../../Engine/Content/EngineMaterials/DefaultPostProcessMaterial.uasset" 249
"../../../Engine/Content/EngineMaterials/DefaultTextMaterialOpaque.uasset" 250
"../../../Engine/Content/EngineMaterials/DefaultVirtualTextureMaterial.uasset" 251
"../../../Engine/Content/EngineMaterials/DefaultWhiteGrid.uasset" 252
"../../../Engine/Content/EngineMaterials/EditorBrushMaterial.uasset" 253
"../../../Engine/Content/EngineMaterials/DefaultWhiteGrid_Low.uasset" 254
"../../../Engine/Content/EngineMaterials/EmissiveMeshMaterial.uasset" 255
"../../../Engine/Content/EngineMaterials/Good64x64TilingNoiseHighFreq.uasset" 256
"../../../Engine/Content/EngineMaterials/MiniFont.uasset" 257
"../../../Engine/Content/EngineMaterials/InvalidLightmapSettings.uasset" 258
"../../../Engine/Content/EngineMaterials/M_InvalidLightmapSettings.uasset" 259
"../../../Engine/Content/Functions/Engine_MaterialFunctions02/WorldPositionOffset/CameraOffset.uasset" 260
"../../../Engine/Content/EngineMaterials/PhAT_JointLimitMaterial.uasset" 261
"../../../Engine/Content/EngineMaterials/PreintegratedSkinBRDF.uasset" 262
"../../../Engine/Content/EngineMaterials/RemoveSurfaceMaterial.uasset" 263
"../../../Engine/Content/EngineMaterials/WeightMapPlaceholderTexture.uasset" 264
"../../../Engine/Content/EngineResources/WhiteSquareTexture.uasset" 265
"../../../Engine/Content/EngineMaterials/Widget3DPassThrough.uasset" 266
"../../../Engine/Content/EngineMaterials/Widget3DPassThrough_Masked.uasset" 267
"../../../Engine/Content/EngineMaterials/Widget3DPassThrough_Opaque.uasset" 268
"../../../Engine/Content/EngineMaterials/Widget3DPassThrough_Masked_OneSided.uasset" 269
"../../../Engine/Content/EngineMaterials/Widget3DPassThrough_Opaque_OneSided.uasset" 270
"../../../Engine/Content/EngineMaterials/Widget3DPassThrough_Translucent.uasset" 271
"../../../Engine/Content/EngineMaterials/Widget3DPassThrough_Translucent_OneSided.uasset" 272
"../../../Engine/Content/EngineMeshes/Cylinder.uasset" 273
"../../../Engine/Content/EngineMeshes/Sphere.uasset" 274
"../../../Engine/Content/EngineResources/Black.uasset" 275
"../../../Engine/Content/EngineResources/DefaultTexture.uasset" 276
"../../../Engine/Content/EngineResources/DefaultTextureCube.uasset" 277
"../../../Engine/Content/EngineResources/DefaultVolumeTexture2D.uasset" 278
"../../../Engine/Content/EngineResources/DefaultVolumeTexture.uasset" 279
"../../../Engine/Content/EngineResources/GradientTexture0.uasset" 280
"../../../Engine/Content/EngineSounds/Master.uasset" 281
"../../../Engine/Content/Functions/Engine_MaterialFunctions01/Shading/ConvertFromDiffSpec.uasset" 282
"../../../Engine/Content/Functions/Engine_MaterialFunctions01/Shading/PowerToRoughness.uasset" 283
"../../../Engine/Content/Maps/Templates/Thumbnails/Default.uasset" 284
"../../../Engine/Content/Maps/Templates/Thumbnails/VR-Basic.uasset" 285
"../../../Engine/Content/MobileResources/T_MobileControls_texture.uasset" 286
"../../../Engine/Content/MobileResources/T_MobileMenu2.uasset" 287
"../../../Engine/Content/MobileResources/HUD/AnalogHat.uasset" 288
"../../../Engine/Content/MobileResources/HUD/VirtualJoystick_Background.uasset" 289
"../../../Engine/Content/MobileResources/HUD/VirtualJoystick_Thumb.uasset" 290
"../../../Engine/Content/MobileResources/HUD/DefaultVirtualJoysticks.uasset" 291
"../../../Engine/Content/MobileResources/HUD/LeftVirtualJoystickOnly.uasset" 292
"../../../Engine/Content/MobileResources/HUD/MobileHUDButton1_off.uasset" 293
"../../../Engine/Content/MobileResources/HUD/MobileHUDButton1_on.uasset" 294
"../../../Engine/Content/MobileResources/HUD/MobileHUDButton2_off.uasset" 295
"../../../Engine/Content/MobileResources/HUD/MobileHUDButton2_on.uasset" 296
"../../../Engine/Content/MobileResources/HUD/MobileHUDButton3.uasset" 297
"../../../Engine/Content/MobileResources/HUD/MobileHUDButtonFire.uasset" 298
"../../../Engine/Content/MobileResources/HUD/MobileHUDDirectionPad.uasset" 299
"../../../Engine/Content/MobileResources/HUD/MobileHUDDirectionPad2.uasset" 300
"../../../Engine/Content/MobileResources/HUD/MobileHUDDirectionPad3.uasset" 301
"../../../Engine/Content/MobileResources/HUD/MobileHUDDirectionStick.uasset" 302
"../../../Engine/Content/MobileResources/HUD/T_Castle_ThumbstickInner.uasset" 303
"../../../Engine/Content/MobileResources/HUD/T_Castle_ThumbstickOutter.uasset" 304
"../../../Engine/Content/Tutorial/ContentIntroCurve.uasset" 305
"../../../Engine/Content/Tutorial/Basics/LevelEditorAttract.uasset" 306
"../../../Engine/Content/VREditor/LaserPointer/VR_LaserPower_01.uasset" 307
"../../../Engine/Content/VREditor/TransformGizmo/TransformGizmoMaterial.uasset" 308
"../../../Engine/Content/VREditor/TransformGizmo/TranslucentTransformGizmoMaterial.uasset" 309
"../../../Engine/Content/VREditor/TransformGizmo/BoundingBoxCorner.uasset" 310
"../../../Engine/Content/VREditor/TransformGizmo/BoundingBoxEdge.uasset" 311
"../../../Engine/Content/VREditor/TransformGizmo/PlaneTranslationHandle.uasset" 312
"../../../Engine/Content/VREditor/TransformGizmo/Main.uasset" 313
"../../../Engine/Content/VREditor/TransformGizmo/Xray.uasset" 314
"../../../Engine/Content/VREditor/TransformGizmo/SM_Sequencer_Key.uasset" 315
"../../../Engine/Content/VREditor/TransformGizmo/SM_Sequencer_Node.uasset" 316
"../../Plugins/2D/Paper2D/Content/PlaceholderTextures/DummySpriteTexture.uasset" 317
"../../Plugins/2D/Paper2D/Content/DummySprite.uasset" 318
"../../Plugins/2D/Paper2D/Content/DefaultPaperTerrainMaterial.uasset" 319
"../../Plugins/2D/Paper2D/Content/DummySpriteTexture.uasset" 320
"../../Plugins/2D/Paper2D/Content/DefaultSpriteMaterial.uasset" 321
"../../Plugins/2D/Paper2D/Content/MaskedUnlitSpriteMaterial.uasset" 322
"../../Plugins/2D/Paper2D/Content/OpaqueUnlitSpriteMaterial.uasset" 323
"../../Plugins/Runtime/Oculus/OculusVR/Content/OculusMR_RenderTarget.uasset" 324
"../../../Engine/Content/Functions/Engine_MaterialFunctions02/Utility/BreakOutFloat4Components.uasset" 325
"../../../Engine/Content/Functions/Engine_MaterialFunctions02/Utility/MakeFloat2.uasset" 326
"../../../Engine/Content/Functions/Engine_MaterialFunctions02/Utility/MakeFloat3.uasset" 327
"../../Plugins/Runtime/Oculus/OculusVR/Content/Materials/OculusMR_ChromaKey.uasset" 328
"../../Plugins/Runtime/Oculus/OculusVR/Content/Materials/OculusMR_ChromaKey_Lit.uasset" 329
"../../Plugins/Runtime/Oculus/OculusVR/Content/Materials/OculusMR_OpaqueColoredMaterial.uasset" 330
"../../Plugins/Runtime/Oculus/OculusVR/Content/Materials/OculusMR_WhiteMaterial.uasset" 331
"../../../Engine/Content/EngineSky/C_Sky_Cloud_Color.uasset" 332
"../../../Engine/Content/EngineSky/C_Sky_Horizon_Color.uasset" 333
"../../../Engine/Content/EngineSky/C_Sky_Zenith_Color.uasset" 334
"../../../Engine/Content/EngineSky/T_Sky_Blue.uasset" 335
"../../../Engine/Content/EngineSky/T_Sky_Clouds_M.uasset" 336
"../../../Engine/Content/EngineSky/T_Sky_Stars.uasset" 337
"../../../Engine/Content/EngineSky/M_Sky_Panning_Clouds2.uasset" 338
"../../../Engine/Content/EngineSky/SM_SkySphere.uasset" 339
"../../../Engine/Content/EngineSky/BP_Sky_Sphere.uasset" 340
"../../../../../../Workspace/Unreal/CoopGame/Content/Maps/Blockout_P_BuiltData.uasset" 341
"../../../../../../Workspace/Unreal/CoopGame/Content/Environment/M_BasicBox.uasset" 342
"../../../../../../Workspace/Unreal/CoopGame/Content/Environment/MF_WorldUVs.uasset" 343
"../../../Engine/Content/VREditor/BasicMeshes/T_CleanFloorGrunge_01_D.uasset" 344
"../../../../../../Workspace/Unreal/CoopGame/Content/Environment/M_BlockoutSimple.uasset" 345
"../../../../../../Workspace/Unreal/CoopGame/Content/Environment/MI_BlockoutSimple_Inst.uasset" 346
"../../../../../../Workspace/Unreal/CoopGame/Content/Maps/Blockout_P.umap" 347
"../../../../../../Workspace/Unreal/CoopGame/Content/AnimStarterPack/Crouch_Idle_Rifle_Hip.uasset" 348
"../../../../../../Workspace/Unreal/CoopGame/Content/AnimStarterPack/Death_1.uasset" 349
"../../../../../../Workspace/Unreal/CoopGame/Content/AnimStarterPack/Idle_Rifle_Hip.uasset" 350
"../../../../../../Workspace/Unreal/CoopGame/Content/AnimStarterPack/Jump_From_Jog.uasset" 351
"../../../../../../Workspace/Unreal/CoopGame/Content/AnimStarterPack/Jump_From_Stand.uasset" 352
"../../../../../../Workspace/Unreal/CoopGame/Content/AnimStarterPack/Crouch_Walk_Bwd_Rifle_Hip.uasset" 353
"../../../../../../Workspace/Unreal/CoopGame/Content/AnimStarterPack/Crouch_Walk_Fwd_Rifle_Hip.uasset" 354
"../../../../../../Workspace/Unreal/CoopGame/Content/AnimStarterPack/Crouch_Walk_Lt_Rifle_Hip.uasset" 355
"../../../../../../Workspace/Unreal/CoopGame/Content/AnimStarterPack/Crouch_Walk_Rt_Rifle_Hip.uasset" 356
"../../../../../../Workspace/Unreal/CoopGame/Content/AnimStarterPack/BS_CrouchWalk.uasset" 357
"../../../../../../Workspace/Unreal/CoopGame/Content/AnimStarterPack/Jog_Bwd_Rifle.uasset" 358
"../../../../../../Workspace/Unreal/CoopGame/Content/AnimStarterPack/Jog_Fwd_Rifle.uasset" 359
"../../../../../../Workspace/Unreal/CoopGame/Content/AnimStarterPack/Jog_Lt_Rifle.uasset" 360
"../../../../../../Workspace/Unreal/CoopGame/Content/AnimStarterPack/Jog_Rt_Rifle.uasset" 361
"../../../../../../Workspace/Unreal/CoopGame/Content/AnimStarterPack/BS_Jog.uasset" 362
"../../../Engine/Content/Functions/Engine_MaterialFunctions02/Utility/BlendAngleCorrectedNormals.uasset" 363
"../../../Engine/Content/Functions/MaterialLayerFunctions/MatLayerBlend_AO.uasset" 364
"../../../Engine/Content/Functions/MaterialLayerFunctions/MatLayerBlend_NormalBlend.uasset" 365
"../../../Engine/Content/Functions/MaterialLayerFunctions/MatLayerBlend_Simple.uasset" 366
"../../../../../../Workspace/Unreal/CoopGame/Content/AnimStarterPack/UE4_Mannequin/Materials/MaterialLayers/T_ML_Rubber_Blue_01_D.uasset" 367
"../../../../../../Workspace/Unreal/CoopGame/Content/AnimStarterPack/UE4_Mannequin/Materials/MaterialLayers/T_ML_Rubber_Blue_01_N.uasset" 368
"../../../../../../Workspace/Unreal/CoopGame/Content/AnimStarterPack/UE4_Mannequin/Materials/MaterialLayers/ML_GlossyBlack_Latex_UE4.uasset" 369
"../../../../../../Workspace/Unreal/CoopGame/Content/AnimStarterPack/UE4_Mannequin/Materials/MaterialLayers/ML_Plastic_Shiny_Beige.uasset" 370
"../../../../../../Workspace/Unreal/CoopGame/Content/AnimStarterPack/UE4_Mannequin/Textures/UE4_LOGO_CARD.uasset" 371
"../../../../../../Workspace/Unreal/CoopGame/Content/AnimStarterPack/UE4_Mannequin/Materials/MaterialLayers/ML_Plastic_Shiny_Beige_LOGO.uasset" 372
"../../../../../../Workspace/Unreal/CoopGame/Content/AnimStarterPack/UE4_Mannequin/Materials/MaterialLayers/T_ML_Aluminum01.uasset" 373
"../../../../../../Workspace/Unreal/CoopGame/Content/AnimStarterPack/UE4_Mannequin/Materials/MaterialLayers/T_ML_Aluminum01_N.uasset" 374
"../../../../../../Workspace/Unreal/CoopGame/Content/AnimStarterPack/UE4_Mannequin/Materials/MaterialLayers/ML_SoftMetal_UE4.uasset" 375
"../../../../../../Workspace/Unreal/CoopGame/Content/AnimStarterPack/UE4_Mannequin/Textures/UE4_Mannequin__normals.uasset" 376
"../../../../../../Workspace/Unreal/CoopGame/Content/AnimStarterPack/UE4_Mannequin/Textures/UE4_Mannequin_MAT_MASKA.uasset" 377
"../../../../../../Workspace/Unreal/CoopGame/Content/AnimStarterPack/UE4_Mannequin/Textures/UE4_Mannequin_occlusion_Mobile.uasset" 378
"../../../../../../Workspace/Unreal/CoopGame/Content/AnimStarterPack/UE4_Mannequin/Materials/M_UE4Man_Body.uasset" 379
"../../../../../../Workspace/Unreal/CoopGame/Content/AnimStarterPack/UE4_Mannequin/Textures/UE4Man_Logo_N.uasset" 380
"../../../../../../Workspace/Unreal/CoopGame/Content/AnimStarterPack/UE4_Mannequin/Materials/M_UE4Man_ChestLogo.uasset" 381
"../../../../../../Workspace/Unreal/CoopGame/Content/Core/PhysMat_FleshDefault.uasset" 382
"../../../../../../Workspace/Unreal/CoopGame/Content/Core/PhysMat_FleshVulnerable.uasset" 383
"../../../../../../Workspace/Unreal/CoopGame/Content/AnimStarterPack/UE4_Mannequin/Mesh/SK_Mannequin_PhysicsAsset.uasset" 384
"../../../../../../Workspace/Unreal/CoopGame/Content/AnimStarterPack/UE4_Mannequin/Mesh/SK_Mannequin.uasset" 385
"../../../../../../Workspace/Unreal/CoopGame/Content/AnimStarterPack/Ue4ASP_Character.uasset" 386
"../../../../../../Workspace/Unreal/CoopGame/Content/AnimStarterPack/UE4ASP_HeroTPP_AnimBlueprint.uasset" 387
"../../../../../../Workspace/Unreal/CoopGame/Content/Audio/machinegun.uasset" 388
"../../../../../../Workspace/Unreal/CoopGame/Content/WeaponEffects/BasicTracer/Beam.uasset" 389
"../../../../../../Workspace/Unreal/CoopGame/Content/WeaponEffects/BasicTracer/M_Beam.uasset" 390
"../../../../../../Workspace/Unreal/CoopGame/Content/WeaponEffects/BasicTracer/P_SmokeTrail.uasset" 391
"../../../../../../Workspace/Unreal/CoopGame/Content/WeaponEffects/BloodImpact/clouds_dust_detail_01.uasset" 392
"../../../../../../Workspace/Unreal/CoopGame/Content/WeaponEffects/BloodImpact/M_blood_cloud_01.uasset" 393
"../../../../../../Workspace/Unreal/CoopGame/Content/WeaponEffects/BloodImpact/T_BloodSplatter_Frames01.uasset" 394
"../../../../../../Workspace/Unreal/CoopGame/Content/WeaponEffects/BloodImpact/M_blood_splash_01.uasset" 395
"../../../../../../Workspace/Unreal/CoopGame/Content/WeaponEffects/BloodImpact/T_BloodSplat_03_SubUV.uasset" 396
"../../../../../../Workspace/Unreal/CoopGame/Content/WeaponEffects/BloodImpact/M_blood_splash_03.uasset" 397
"../../../../../../Workspace/Unreal/CoopGame/Content/WeaponEffects/BloodImpact/P_blood_splash_02.uasset" 398
"../../../../../../Workspace/Unreal/CoopGame/Content/WeaponEffects/GenericImpact/Flare_02.uasset" 399
"../../../../../../Workspace/Unreal/CoopGame/Content/WeaponEffects/GenericImpact/M_LensFlare_02.uasset" 400
"../../../../../../Workspace/Unreal/CoopGame/Content/WeaponEffects/GenericImpact/T_SparkCore_2X2.uasset" 401
"../../../../../../Workspace/Unreal/CoopGame/Content/WeaponEffects/GenericImpact/M_spark_subUV.uasset" 402
"../../../../../../Workspace/Unreal/CoopGame/Content/WeaponEffects/GenericImpact/P_RifleImpact.uasset" 403
"../../../../../../Workspace/Unreal/CoopGame/Content/Weapons/Crosshairs/T_Crosshair_Horizontal_M.uasset" 404
"../../../../../../Workspace/Unreal/CoopGame/Content/Weapons/Crosshairs/T_Crosshair_Scanline_M.uasset" 405
"../../../../../../Workspace/Unreal/CoopGame/Content/Weapons/Crosshairs/M_Crosshairs_MultiHolo_Scanline.uasset" 406
"../../../../../../Workspace/Unreal/CoopGame/Content/Weapons/MI_Rifle01.uasset" 407
"../../../../../../Workspace/Unreal/CoopGame/Content/Weapons/MagGun_02_N.uasset" 408
"../../../../../../Workspace/Unreal/CoopGame/Content/Weapons/MI_Rifle02.uasset" 409
"../../../../../../Workspace/Unreal/CoopGame/Content/Weapons/SK_Rifle_Skeleton.uasset" 410
"../../../../../../Workspace/Unreal/CoopGame/Content/Weapons/SK_Rifle.uasset" 411
"../../../../../../Workspace/Unreal/CoopGame/Content/Blueprints/BP_Rifle.uasset" 412
"../../../../../../Workspace/Unreal/CoopGame/Content/UI/WBP_Crosshair.uasset" 413
"../../../../../../Workspace/Unreal/CoopGame/Content/UI/T_HealthMask.uasset" 414
"../../../../../../Workspace/Unreal/CoopGame/Content/UI/M_HealthIndicator.uasset" 415
"../../../../../../Workspace/Unreal/CoopGame/Content/UI/WBP_HealthIndicator.uasset" 416
"../../../../../../Workspace/Unreal/CoopGame/Content/Blueprints/PlayerPawn.uasset" 417
"../../../Engine/Content/MapTemplates/SM_Template_Map_Floor.uasset" 418
"../../../../../../Workspace/Unreal/CoopGame/Content/Maps/P_TestMap.umap" 419
"../../../../../../Workspace/Unreal/CoopGame/Content/Blueprints/BP_EQSTestingPawn.uasset" 420
"../../../../../../Workspace/Unreal/CoopGame/Content/Blueprints/BP_TargetDummy.uasset" 421
"../../../../../../Workspace/Unreal/CoopGame/Content/Blueprints/EnvQueryContext_AllPlayers.uasset" 422
"../../../../../../Workspace/Unreal/CoopGame/Content/Blueprints/EnvQueryContext_BotSpawns.uasset" 423
"../../../../../../Workspace/Unreal/CoopGame/Content/Blueprints/EQS_FindSpawnLocation.uasset" 424
"../../../../../../Workspace/Unreal/CoopGame/Content/Blueprints/BP_TestGameMode.uasset" 425
"../../../../../../Workspace/Unreal/CoopGame/Content/Environment/M_Cube_Inst.uasset" 426
"../../../../../../Workspace/Unreal/CoopGame/Content/Audio/explosion.uasset" 427
"../../../../../../Workspace/Unreal/CoopGame/Content/Challenges/DamageableCube/BP_DamageableCube.uasset" 428
"../../../../../../Workspace/Unreal/CoopGame/Content/Challenges/ExplosiveBarrel/M_ExplosiveBarrel.uasset" 429
"../../../../../../Workspace/Unreal/CoopGame/Content/Challenges/ExplosiveBarrel/M_ExplosiveBarrelExploded.uasset" 430
"../../../../../../Workspace/Unreal/CoopGame/Content/Challenges/ExplosiveBarrel/SM_ExplosiveBarrel.uasset" 431
"../../../../../../Workspace/Unreal/CoopGame/Content/Challenges/ExplosiveBarrel/BP_ExplosiveBarrel.uasset" 432
"../../../../../../Workspace/Unreal/CoopGame/Content/Powerups/BP_Pickup_Health.uasset" 433
"../../../../../../Workspace/Unreal/CoopGame/Content/Powerups/BP_Pickup_HealthRegen.uasset" 434
"../../../../../../Workspace/Unreal/CoopGame/Content/Maps/TestLevelOne.umap" 435
"../../../../../../Workspace/Unreal/CoopGame/Content/AnimStarterPack/Crouch_Idle_Rifle_Ironsights.uasset" 436
"../../../../../../Workspace/Unreal/CoopGame/Content/AnimStarterPack/Crouch_Walk_Fwd_Rifle_Ironsights.uasset" 437
"../../../../../../Workspace/Unreal/CoopGame/Content/AnimStarterPack/Equip_Pistol_Standing.uasset" 438
"../../../../../../Workspace/Unreal/CoopGame/Content/AnimStarterPack/Fire_Rifle_Ironsights.uasset" 439
"../../../../../../Workspace/Unreal/CoopGame/Content/AnimStarterPack/Hit_React_1.uasset" 440
"../../../../../../Workspace/Unreal/CoopGame/Content/AnimStarterPack/Hit_React_2.uasset" 441
"../../../../../../Workspace/Unreal/CoopGame/Content/AnimStarterPack/Hit_React_3.uasset" 442
"../../../../../../Workspace/Unreal/CoopGame/Content/AnimStarterPack/Idle_Rifle_Hip_Break1.uasset" 443
"../../../../../../Workspace/Unreal/CoopGame/Content/AnimStarterPack/Idle_Rifle_Hip_Break2.uasset" 444
"../../../../../../Workspace/Unreal/CoopGame/Content/AnimStarterPack/Reload_Rifle_Hip.uasset" 445
"../../../../../../Workspace/Unreal/CoopGame/Content/AnimStarterPack/Walk_Fwd_Rifle_Ironsights.uasset" 446
"../../../Engine/Content/TemplateResources/M_Template_Master.uasset" 447
"../../../Engine/Content/TemplateResources/MI_Template_BaseGray_03_Metal.uasset" 448
"../../../../../../Workspace/Unreal/CoopGame/Content/AnimStarterPack/Showcase.umap" 449
"../../../../../../Workspace/Unreal/CoopGame/Content/Challenges/ExplosiveBarrel/BarrelTest_P_BuiltData.uasset" 450
"../../../../../../Workspace/Unreal/CoopGame/Content/Challenges/ExplosiveBarrel/BarrelTest_P.umap" 451
"../../../Engine/Content/Maps/Entry_BuiltData.uasset" 452
"../../../Engine/Content/Maps/Entry.umap" 453
